 21-04-2024 08:02:27:202 [pid=41796 tid=41796] ERROR  0:140 unable to load,  liburcu-bp.so.6 

 21-04-2024 08:02:27:202 [pid=41796 tid=41796] ERROR  0:140 unable to load,  liburcu-bp.so.1 

 21-04-2024 08:02:27:203 [pid=41796 tid=41796] WARN   0:168 failed to open /proc/driver/nvidia-fs/devcount  error: No such file or directory
 21-04-2024 08:02:27:203 [pid=41796 tid=41796] NOTICE  cufio-drv:720 running in compatible mode
 21-04-2024 08:02:27:350 [pid=41796 tid=41796] ERROR  0:140 unable to load,  libnuma.so.1.0.0 

 21-04-2024 08:02:27:350 [pid=41796 tid=41796] ERROR  0:91 dlopen error libnuma.so.1.0.0: cannot open shared object file: No such file or directory
 21-04-2024 08:02:27:355 [pid=41796 tid=41796] ERROR  cufio-fs:79 mount option not found in mount table data device: /dev/nvme0n1p1
 21-04-2024 08:12:48:857 [pid=43358 tid=43358] ERROR  0:140 unable to load,  liburcu-bp.so.6 

 21-04-2024 08:12:48:857 [pid=43358 tid=43358] ERROR  0:140 unable to load,  liburcu-bp.so.1 

 21-04-2024 08:12:48:857 [pid=43358 tid=43358] WARN   0:168 failed to open /proc/driver/nvidia-fs/devcount  error: No such file or directory
 21-04-2024 08:12:48:857 [pid=43358 tid=43358] NOTICE  cufio-drv:720 running in compatible mode
 21-04-2024 08:12:49:2 [pid=43358 tid=43358] ERROR  0:140 unable to load,  libnuma.so.1.0.0 

 21-04-2024 08:12:49:3 [pid=43358 tid=43358] ERROR  0:91 dlopen error libnuma.so.1.0.0: cannot open shared object file: No such file or directory
 21-04-2024 08:12:49:5 [pid=43358 tid=43358] ERROR  cufio-fs:79 mount option not found in mount table data device: /dev/nvme0n1p1
 21-04-2024 08:12:49:796 [pid=43230 tid=43230] ERROR  0:140 unable to load,  liburcu-bp.so.6 

 21-04-2024 08:12:49:796 [pid=43230 tid=43230] ERROR  0:140 unable to load,  liburcu-bp.so.1 

 21-04-2024 08:12:49:797 [pid=43230 tid=43230] WARN   0:168 failed to open /proc/driver/nvidia-fs/devcount  error: No such file or directory
 21-04-2024 08:12:49:797 [pid=43230 tid=43230] NOTICE  cufio-drv:720 running in compatible mode
 21-04-2024 08:12:49:943 [pid=43230 tid=43230] ERROR  0:140 unable to load,  libnuma.so.1.0.0 

 21-04-2024 08:12:49:943 [pid=43230 tid=43230] ERROR  0:91 dlopen error libnuma.so.1.0.0: cannot open shared object file: No such file or directory
 21-04-2024 08:12:49:946 [pid=43230 tid=43230] ERROR  cufio-fs:79 mount option not found in mount table data device: /dev/nvme0n1p1
 21-04-2024 08:15:57:641 [pid=44028 tid=44028] ERROR  0:140 unable to load,  liburcu-bp.so.6 

 21-04-2024 08:15:57:641 [pid=44028 tid=44028] ERROR  0:140 unable to load,  liburcu-bp.so.1 

 21-04-2024 08:15:57:642 [pid=44028 tid=44028] WARN   0:168 failed to open /proc/driver/nvidia-fs/devcount  error: No such file or directory
 21-04-2024 08:15:57:642 [pid=44028 tid=44028] NOTICE  cufio-drv:720 running in compatible mode
 21-04-2024 08:15:57:786 [pid=44028 tid=44028] ERROR  0:140 unable to load,  libnuma.so.1.0.0 

 21-04-2024 08:15:57:786 [pid=44028 tid=44028] ERROR  0:91 dlopen error libnuma.so.1.0.0: cannot open shared object file: No such file or directory
 21-04-2024 08:15:57:789 [pid=44028 tid=44028] ERROR  cufio-fs:79 mount option not found in mount table data device: /dev/nvme0n1p1
 21-04-2024 08:21:45:662 [pid=44316 tid=44316] ERROR  0:140 unable to load,  liburcu-bp.so.6 

 21-04-2024 08:21:45:662 [pid=44316 tid=44316] ERROR  0:140 unable to load,  liburcu-bp.so.1 

 21-04-2024 08:21:45:663 [pid=44316 tid=44316] WARN   0:168 failed to open /proc/driver/nvidia-fs/devcount  error: No such file or directory
 21-04-2024 08:21:45:663 [pid=44316 tid=44316] NOTICE  cufio-drv:720 running in compatible mode
 21-04-2024 08:21:45:806 [pid=44316 tid=44316] ERROR  0:140 unable to load,  libnuma.so.1.0.0 

 21-04-2024 08:21:45:806 [pid=44316 tid=44316] ERROR  0:91 dlopen error libnuma.so.1.0.0: cannot open shared object file: No such file or directory
 21-04-2024 08:21:45:809 [pid=44316 tid=44316] ERROR  cufio-fs:79 mount option not found in mount table data device: /dev/nvme0n1p1
 21-04-2024 09:07:27:433 [pid=52694 tid=52694] ERROR  0:140 unable to load,  liburcu-bp.so.6 

 21-04-2024 09:07:27:433 [pid=52694 tid=52694] ERROR  0:140 unable to load,  liburcu-bp.so.1 

 21-04-2024 09:07:27:433 [pid=52694 tid=52694] WARN   0:168 failed to open /proc/driver/nvidia-fs/devcount  error: No such file or directory
 21-04-2024 09:07:27:433 [pid=52694 tid=52694] NOTICE  cufio-drv:720 running in compatible mode
 21-04-2024 09:07:27:580 [pid=52694 tid=52694] ERROR  0:140 unable to load,  libnuma.so.1.0.0 

 21-04-2024 09:07:27:580 [pid=52694 tid=52694] ERROR  0:91 dlopen error libnuma.so.1.0.0: cannot open shared object file: No such file or directory
 21-04-2024 09:07:27:583 [pid=52694 tid=52694] ERROR  cufio-fs:79 mount option not found in mount table data device: /dev/nvme0n1p1
 21-04-2024 09:39:52:527 [pid=57860 tid=57860] ERROR  0:140 unable to load,  liburcu-bp.so.6 

 21-04-2024 09:39:52:527 [pid=57860 tid=57860] ERROR  0:140 unable to load,  liburcu-bp.so.1 

 21-04-2024 09:39:52:527 [pid=57860 tid=57860] WARN   0:168 failed to open /proc/driver/nvidia-fs/devcount  error: No such file or directory
 21-04-2024 09:39:52:527 [pid=57860 tid=57860] NOTICE  cufio-drv:720 running in compatible mode
 21-04-2024 09:39:52:672 [pid=57860 tid=57860] ERROR  0:140 unable to load,  libnuma.so.1.0.0 

 21-04-2024 09:39:52:672 [pid=57860 tid=57860] ERROR  0:91 dlopen error libnuma.so.1.0.0: cannot open shared object file: No such file or directory
 21-04-2024 09:39:52:675 [pid=57860 tid=57860] ERROR  cufio-fs:79 mount option not found in mount table data device: /dev/nvme0n1p1
 21-04-2024 09:41:25:497 [pid=58197 tid=58197] ERROR  0:140 unable to load,  liburcu-bp.so.6 

 21-04-2024 09:41:25:497 [pid=58197 tid=58197] ERROR  0:140 unable to load,  liburcu-bp.so.1 

 21-04-2024 09:41:25:497 [pid=58197 tid=58197] WARN   0:168 failed to open /proc/driver/nvidia-fs/devcount  error: No such file or directory
 21-04-2024 09:41:25:497 [pid=58197 tid=58197] NOTICE  cufio-drv:720 running in compatible mode
 21-04-2024 09:41:25:646 [pid=58197 tid=58197] ERROR  0:140 unable to load,  libnuma.so.1.0.0 

 21-04-2024 09:41:25:646 [pid=58197 tid=58197] ERROR  0:91 dlopen error libnuma.so.1.0.0: cannot open shared object file: No such file or directory
 21-04-2024 09:41:25:648 [pid=58197 tid=58197] ERROR  cufio-fs:79 mount option not found in mount table data device: /dev/nvme0n1p1
 21-04-2024 10:01:54:864 [pid=67564 tid=67564] ERROR  0:140 unable to load,  liburcu-bp.so.6 

 21-04-2024 10:01:54:865 [pid=67564 tid=67564] ERROR  0:140 unable to load,  liburcu-bp.so.1 

 21-04-2024 10:01:54:865 [pid=67564 tid=67564] WARN   0:168 failed to open /proc/driver/nvidia-fs/devcount  error: No such file or directory
 21-04-2024 10:01:54:865 [pid=67564 tid=67564] NOTICE  cufio-drv:720 running in compatible mode
 21-04-2024 10:01:55:10 [pid=67564 tid=67564] ERROR  0:140 unable to load,  libnuma.so.1.0.0 

 21-04-2024 10:01:55:10 [pid=67564 tid=67564] ERROR  0:91 dlopen error libnuma.so.1.0.0: cannot open shared object file: No such file or directory
 21-04-2024 10:01:55:13 [pid=67564 tid=67564] ERROR  cufio-fs:79 mount option not found in mount table data device: /dev/nvme0n1p1
 21-04-2024 13:21:09:884 [pid=7321 tid=7321] ERROR  0:140 unable to load,  liburcu-bp.so.6 

 21-04-2024 13:21:09:885 [pid=7321 tid=7321] ERROR  0:140 unable to load,  liburcu-bp.so.1 

 21-04-2024 13:21:09:886 [pid=7321 tid=7321] WARN   0:168 failed to open /proc/driver/nvidia-fs/devcount  error: No such file or directory
 21-04-2024 13:21:09:886 [pid=7321 tid=7321] NOTICE  cufio-drv:720 running in compatible mode
 21-04-2024 13:21:10:30 [pid=7321 tid=7321] ERROR  0:140 unable to load,  libnuma.so.1.0.0 

 21-04-2024 13:21:10:30 [pid=7321 tid=7321] ERROR  0:91 dlopen error libnuma.so.1.0.0: cannot open shared object file: No such file or directory
 21-04-2024 13:21:10:33 [pid=7321 tid=7321] ERROR  cufio-fs:79 mount option not found in mount table data device: /dev/nvme0n1p1
 21-04-2024 13:26:16:15 [pid=8199 tid=8199] ERROR  0:140 unable to load,  liburcu-bp.so.6 

 21-04-2024 13:26:16:15 [pid=8199 tid=8199] ERROR  0:140 unable to load,  liburcu-bp.so.1 

 21-04-2024 13:26:16:15 [pid=8199 tid=8199] WARN   0:168 failed to open /proc/driver/nvidia-fs/devcount  error: No such file or directory
 21-04-2024 13:26:16:15 [pid=8199 tid=8199] NOTICE  cufio-drv:720 running in compatible mode
 21-04-2024 13:26:16:159 [pid=8199 tid=8199] ERROR  0:140 unable to load,  libnuma.so.1.0.0 

 21-04-2024 13:26:16:159 [pid=8199 tid=8199] ERROR  0:91 dlopen error libnuma.so.1.0.0: cannot open shared object file: No such file or directory
 21-04-2024 13:26:16:162 [pid=8199 tid=8199] ERROR  cufio-fs:79 mount option not found in mount table data device: /dev/nvme0n1p1
 21-04-2024 13:29:48:905 [pid=8759 tid=8759] ERROR  0:140 unable to load,  liburcu-bp.so.6 

 21-04-2024 13:29:48:905 [pid=8759 tid=8759] ERROR  0:140 unable to load,  liburcu-bp.so.1 

 21-04-2024 13:29:48:905 [pid=8759 tid=8759] WARN   0:168 failed to open /proc/driver/nvidia-fs/devcount  error: No such file or directory
 21-04-2024 13:29:48:905 [pid=8759 tid=8759] NOTICE  cufio-drv:720 running in compatible mode
 21-04-2024 13:29:49:47 [pid=8759 tid=8759] ERROR  0:140 unable to load,  libnuma.so.1.0.0 

 21-04-2024 13:29:49:48 [pid=8759 tid=8759] ERROR  0:91 dlopen error libnuma.so.1.0.0: cannot open shared object file: No such file or directory
 21-04-2024 13:29:49:50 [pid=8759 tid=8759] ERROR  cufio-fs:79 mount option not found in mount table data device: /dev/nvme0n1p1
 21-04-2024 13:34:30:224 [pid=9610 tid=9610] ERROR  0:140 unable to load,  liburcu-bp.so.6 

 21-04-2024 13:34:30:224 [pid=9610 tid=9610] ERROR  0:140 unable to load,  liburcu-bp.so.1 

 21-04-2024 13:34:30:224 [pid=9610 tid=9610] WARN   0:168 failed to open /proc/driver/nvidia-fs/devcount  error: No such file or directory
 21-04-2024 13:34:30:224 [pid=9610 tid=9610] NOTICE  cufio-drv:720 running in compatible mode
 21-04-2024 13:34:30:368 [pid=9610 tid=9610] ERROR  0:140 unable to load,  libnuma.so.1.0.0 

 21-04-2024 13:34:30:368 [pid=9610 tid=9610] ERROR  0:91 dlopen error libnuma.so.1.0.0: cannot open shared object file: No such file or directory
 21-04-2024 13:34:30:370 [pid=9610 tid=9610] ERROR  cufio-fs:79 mount option not found in mount table data device: /dev/nvme0n1p1
 21-04-2024 13:36:49:254 [pid=10359 tid=10359] ERROR  0:140 unable to load,  liburcu-bp.so.6 

 21-04-2024 13:36:49:255 [pid=10359 tid=10359] ERROR  0:140 unable to load,  liburcu-bp.so.1 

 21-04-2024 13:36:49:255 [pid=10359 tid=10359] WARN   0:168 failed to open /proc/driver/nvidia-fs/devcount  error: No such file or directory
 21-04-2024 13:36:49:255 [pid=10359 tid=10359] NOTICE  cufio-drv:720 running in compatible mode
 21-04-2024 13:36:49:403 [pid=10359 tid=10359] ERROR  0:140 unable to load,  libnuma.so.1.0.0 

 21-04-2024 13:36:49:403 [pid=10359 tid=10359] ERROR  0:91 dlopen error libnuma.so.1.0.0: cannot open shared object file: No such file or directory
 21-04-2024 13:36:49:406 [pid=10359 tid=10359] ERROR  cufio-fs:79 mount option not found in mount table data device: /dev/nvme0n1p1
 21-04-2024 13:44:49:978 [pid=11564 tid=11564] ERROR  0:140 unable to load,  liburcu-bp.so.6 

 21-04-2024 13:44:49:978 [pid=11564 tid=11564] ERROR  0:140 unable to load,  liburcu-bp.so.1 

 21-04-2024 13:44:49:978 [pid=11564 tid=11564] WARN   0:168 failed to open /proc/driver/nvidia-fs/devcount  error: No such file or directory
 21-04-2024 13:44:49:978 [pid=11564 tid=11564] NOTICE  cufio-drv:720 running in compatible mode
 21-04-2024 13:44:50:124 [pid=11564 tid=11564] ERROR  0:140 unable to load,  libnuma.so.1.0.0 

 21-04-2024 13:44:50:124 [pid=11564 tid=11564] ERROR  0:91 dlopen error libnuma.so.1.0.0: cannot open shared object file: No such file or directory
 21-04-2024 13:44:50:126 [pid=11564 tid=11564] ERROR  cufio-fs:79 mount option not found in mount table data device: /dev/nvme0n1p1
 21-04-2024 13:46:39:25 [pid=11940 tid=11940] ERROR  0:140 unable to load,  liburcu-bp.so.6 

 21-04-2024 13:46:39:25 [pid=11940 tid=11940] ERROR  0:140 unable to load,  liburcu-bp.so.1 

 21-04-2024 13:46:39:25 [pid=11940 tid=11940] WARN   0:168 failed to open /proc/driver/nvidia-fs/devcount  error: No such file or directory
 21-04-2024 13:46:39:26 [pid=11940 tid=11940] NOTICE  cufio-drv:720 running in compatible mode
 21-04-2024 13:46:39:169 [pid=11940 tid=11940] ERROR  0:140 unable to load,  libnuma.so.1.0.0 

 21-04-2024 13:46:39:169 [pid=11940 tid=11940] ERROR  0:91 dlopen error libnuma.so.1.0.0: cannot open shared object file: No such file or directory
 21-04-2024 13:46:39:171 [pid=11940 tid=11940] ERROR  cufio-fs:79 mount option not found in mount table data device: /dev/nvme0n1p1
 21-04-2024 13:47:52:329 [pid=12164 tid=12164] ERROR  0:140 unable to load,  liburcu-bp.so.6 

 21-04-2024 13:47:52:329 [pid=12164 tid=12164] ERROR  0:140 unable to load,  liburcu-bp.so.1 

 21-04-2024 13:47:52:329 [pid=12164 tid=12164] WARN   0:168 failed to open /proc/driver/nvidia-fs/devcount  error: No such file or directory
 21-04-2024 13:47:52:329 [pid=12164 tid=12164] NOTICE  cufio-drv:720 running in compatible mode
 21-04-2024 13:47:52:474 [pid=12164 tid=12164] ERROR  0:140 unable to load,  libnuma.so.1.0.0 

 21-04-2024 13:47:52:474 [pid=12164 tid=12164] ERROR  0:91 dlopen error libnuma.so.1.0.0: cannot open shared object file: No such file or directory
 21-04-2024 13:47:52:477 [pid=12164 tid=12164] ERROR  cufio-fs:79 mount option not found in mount table data device: /dev/nvme0n1p1
 21-04-2024 13:53:15:790 [pid=13003 tid=13003] ERROR  0:140 unable to load,  liburcu-bp.so.6 

 21-04-2024 13:53:15:790 [pid=13003 tid=13003] ERROR  0:140 unable to load,  liburcu-bp.so.1 

 21-04-2024 13:53:15:790 [pid=13003 tid=13003] WARN   0:168 failed to open /proc/driver/nvidia-fs/devcount  error: No such file or directory
 21-04-2024 13:53:15:790 [pid=13003 tid=13003] NOTICE  cufio-drv:720 running in compatible mode
 21-04-2024 13:53:15:934 [pid=13003 tid=13003] ERROR  0:140 unable to load,  libnuma.so.1.0.0 

 21-04-2024 13:53:15:934 [pid=13003 tid=13003] ERROR  0:91 dlopen error libnuma.so.1.0.0: cannot open shared object file: No such file or directory
 21-04-2024 13:53:15:937 [pid=13003 tid=13003] ERROR  cufio-fs:79 mount option not found in mount table data device: /dev/nvme0n1p1
 21-04-2024 14:00:43:643 [pid=13933 tid=13933] ERROR  0:140 unable to load,  liburcu-bp.so.6 

 21-04-2024 14:00:43:643 [pid=13933 tid=13933] ERROR  0:140 unable to load,  liburcu-bp.so.1 

 21-04-2024 14:00:43:643 [pid=13933 tid=13933] WARN   0:168 failed to open /proc/driver/nvidia-fs/devcount  error: No such file or directory
 21-04-2024 14:00:43:643 [pid=13933 tid=13933] NOTICE  cufio-drv:720 running in compatible mode
 21-04-2024 14:00:43:788 [pid=13933 tid=13933] ERROR  0:140 unable to load,  libnuma.so.1.0.0 

 21-04-2024 14:00:43:788 [pid=13933 tid=13933] ERROR  0:91 dlopen error libnuma.so.1.0.0: cannot open shared object file: No such file or directory
 21-04-2024 14:00:43:790 [pid=13933 tid=13933] ERROR  cufio-fs:79 mount option not found in mount table data device: /dev/nvme0n1p1
 21-04-2024 14:04:57:454 [pid=15278 tid=15278] ERROR  0:140 unable to load,  liburcu-bp.so.6 

 21-04-2024 14:04:57:454 [pid=15278 tid=15278] ERROR  0:140 unable to load,  liburcu-bp.so.1 

 21-04-2024 14:04:57:454 [pid=15278 tid=15278] WARN   0:168 failed to open /proc/driver/nvidia-fs/devcount  error: No such file or directory
 21-04-2024 14:04:57:454 [pid=15278 tid=15278] NOTICE  cufio-drv:720 running in compatible mode
 21-04-2024 14:04:57:601 [pid=15278 tid=15278] ERROR  0:140 unable to load,  libnuma.so.1.0.0 

 21-04-2024 14:04:57:601 [pid=15278 tid=15278] ERROR  0:91 dlopen error libnuma.so.1.0.0: cannot open shared object file: No such file or directory
 21-04-2024 14:04:57:603 [pid=15278 tid=15278] ERROR  cufio-fs:79 mount option not found in mount table data device: /dev/nvme0n1p1
 21-04-2024 14:10:48:629 [pid=16503 tid=16503] ERROR  0:140 unable to load,  liburcu-bp.so.6 

 21-04-2024 14:10:48:630 [pid=16503 tid=16503] ERROR  0:140 unable to load,  liburcu-bp.so.1 

 21-04-2024 14:10:48:630 [pid=16503 tid=16503] WARN   0:168 failed to open /proc/driver/nvidia-fs/devcount  error: No such file or directory
 21-04-2024 14:10:48:630 [pid=16503 tid=16503] NOTICE  cufio-drv:720 running in compatible mode
 21-04-2024 14:10:48:773 [pid=16503 tid=16503] ERROR  0:140 unable to load,  libnuma.so.1.0.0 

 21-04-2024 14:10:48:773 [pid=16503 tid=16503] ERROR  0:91 dlopen error libnuma.so.1.0.0: cannot open shared object file: No such file or directory
 21-04-2024 14:10:48:776 [pid=16503 tid=16503] ERROR  cufio-fs:79 mount option not found in mount table data device: /dev/nvme0n1p1
 21-04-2024 14:22:40:40 [pid=17620 tid=17620] ERROR  0:140 unable to load,  liburcu-bp.so.6 

 21-04-2024 14:22:40:40 [pid=17620 tid=17620] ERROR  0:140 unable to load,  liburcu-bp.so.1 

 21-04-2024 14:22:40:40 [pid=17620 tid=17620] WARN   0:168 failed to open /proc/driver/nvidia-fs/devcount  error: No such file or directory
 21-04-2024 14:22:40:40 [pid=17620 tid=17620] NOTICE  cufio-drv:720 running in compatible mode
 21-04-2024 14:22:40:188 [pid=17620 tid=17620] ERROR  0:140 unable to load,  libnuma.so.1.0.0 

 21-04-2024 14:22:40:189 [pid=17620 tid=17620] ERROR  0:91 dlopen error libnuma.so.1.0.0: cannot open shared object file: No such file or directory
 21-04-2024 14:22:40:192 [pid=17620 tid=17620] ERROR  cufio-fs:79 mount option not found in mount table data device: /dev/nvme0n1p1
 21-04-2024 14:23:40:915 [pid=18239 tid=18239] ERROR  0:140 unable to load,  liburcu-bp.so.6 

 21-04-2024 14:23:40:915 [pid=18239 tid=18239] ERROR  0:140 unable to load,  liburcu-bp.so.1 

 21-04-2024 14:23:40:915 [pid=18239 tid=18239] WARN   0:168 failed to open /proc/driver/nvidia-fs/devcount  error: No such file or directory
 21-04-2024 14:23:40:915 [pid=18239 tid=18239] NOTICE  cufio-drv:720 running in compatible mode
 21-04-2024 14:23:41:60 [pid=18239 tid=18239] ERROR  0:140 unable to load,  libnuma.so.1.0.0 

 21-04-2024 14:23:41:60 [pid=18239 tid=18239] ERROR  0:91 dlopen error libnuma.so.1.0.0: cannot open shared object file: No such file or directory
 21-04-2024 14:23:41:63 [pid=18239 tid=18239] ERROR  cufio-fs:79 mount option not found in mount table data device: /dev/nvme0n1p1
 21-04-2024 14:27:07:866 [pid=18740 tid=18740] ERROR  0:140 unable to load,  liburcu-bp.so.6 

 21-04-2024 14:27:07:866 [pid=18740 tid=18740] ERROR  0:140 unable to load,  liburcu-bp.so.1 

 21-04-2024 14:27:07:866 [pid=18740 tid=18740] WARN   0:168 failed to open /proc/driver/nvidia-fs/devcount  error: No such file or directory
 21-04-2024 14:27:07:866 [pid=18740 tid=18740] NOTICE  cufio-drv:720 running in compatible mode
 21-04-2024 14:27:08:14 [pid=18740 tid=18740] ERROR  0:140 unable to load,  libnuma.so.1.0.0 

 21-04-2024 14:27:08:14 [pid=18740 tid=18740] ERROR  0:91 dlopen error libnuma.so.1.0.0: cannot open shared object file: No such file or directory
 21-04-2024 14:27:08:17 [pid=18740 tid=18740] ERROR  cufio-fs:79 mount option not found in mount table data device: /dev/nvme0n1p1
 21-04-2024 14:28:14:419 [pid=18972 tid=18972] ERROR  0:140 unable to load,  liburcu-bp.so.6 

 21-04-2024 14:28:14:419 [pid=18972 tid=18972] ERROR  0:140 unable to load,  liburcu-bp.so.1 

 21-04-2024 14:28:14:419 [pid=18972 tid=18972] WARN   0:168 failed to open /proc/driver/nvidia-fs/devcount  error: No such file or directory
 21-04-2024 14:28:14:419 [pid=18972 tid=18972] NOTICE  cufio-drv:720 running in compatible mode
 21-04-2024 14:28:14:572 [pid=18972 tid=18972] ERROR  0:140 unable to load,  libnuma.so.1.0.0 

 21-04-2024 14:28:14:572 [pid=18972 tid=18972] ERROR  0:91 dlopen error libnuma.so.1.0.0: cannot open shared object file: No such file or directory
 21-04-2024 14:28:14:574 [pid=18972 tid=18972] ERROR  cufio-fs:79 mount option not found in mount table data device: /dev/nvme0n1p1
 21-04-2024 14:31:38:679 [pid=19437 tid=19437] ERROR  0:140 unable to load,  liburcu-bp.so.6 

 21-04-2024 14:31:38:679 [pid=19437 tid=19437] ERROR  0:140 unable to load,  liburcu-bp.so.1 

 21-04-2024 14:31:38:679 [pid=19437 tid=19437] WARN   0:168 failed to open /proc/driver/nvidia-fs/devcount  error: No such file or directory
 21-04-2024 14:31:38:679 [pid=19437 tid=19437] NOTICE  cufio-drv:720 running in compatible mode
 21-04-2024 14:31:38:823 [pid=19437 tid=19437] ERROR  0:140 unable to load,  libnuma.so.1.0.0 

 21-04-2024 14:31:38:823 [pid=19437 tid=19437] ERROR  0:91 dlopen error libnuma.so.1.0.0: cannot open shared object file: No such file or directory
 21-04-2024 14:31:38:825 [pid=19437 tid=19437] ERROR  cufio-fs:79 mount option not found in mount table data device: /dev/nvme0n1p1
 21-04-2024 14:35:04:809 [pid=19892 tid=19892] ERROR  0:140 unable to load,  liburcu-bp.so.6 

 21-04-2024 14:35:04:809 [pid=19892 tid=19892] ERROR  0:140 unable to load,  liburcu-bp.so.1 

 21-04-2024 14:35:04:809 [pid=19892 tid=19892] WARN   0:168 failed to open /proc/driver/nvidia-fs/devcount  error: No such file or directory
 21-04-2024 14:35:04:809 [pid=19892 tid=19892] NOTICE  cufio-drv:720 running in compatible mode
 21-04-2024 14:35:04:955 [pid=19892 tid=19892] ERROR  0:140 unable to load,  libnuma.so.1.0.0 

 21-04-2024 14:35:04:955 [pid=19892 tid=19892] ERROR  0:91 dlopen error libnuma.so.1.0.0: cannot open shared object file: No such file or directory
 21-04-2024 14:35:04:957 [pid=19892 tid=19892] ERROR  cufio-fs:79 mount option not found in mount table data device: /dev/nvme0n1p1
 21-04-2024 14:35:12:482 [pid=20088 tid=20088] ERROR  0:140 unable to load,  liburcu-bp.so.6 

 21-04-2024 14:35:12:483 [pid=20088 tid=20088] ERROR  0:140 unable to load,  liburcu-bp.so.1 

 21-04-2024 14:35:12:483 [pid=20088 tid=20088] WARN   0:168 failed to open /proc/driver/nvidia-fs/devcount  error: No such file or directory
 21-04-2024 14:35:12:483 [pid=20088 tid=20088] NOTICE  cufio-drv:720 running in compatible mode
 21-04-2024 14:35:12:627 [pid=20088 tid=20088] ERROR  0:140 unable to load,  libnuma.so.1.0.0 

 21-04-2024 14:35:12:627 [pid=20088 tid=20088] ERROR  0:91 dlopen error libnuma.so.1.0.0: cannot open shared object file: No such file or directory
 21-04-2024 14:35:12:630 [pid=20088 tid=20088] ERROR  cufio-fs:79 mount option not found in mount table data device: /dev/nvme0n1p1
 23-04-2024 05:55:52:183 [pid=274694 tid=274694] ERROR  0:140 unable to load,  liburcu-bp.so.6 

 23-04-2024 05:55:52:183 [pid=274694 tid=274694] ERROR  0:140 unable to load,  liburcu-bp.so.1 

 23-04-2024 05:55:52:183 [pid=274694 tid=274694] WARN   0:168 failed to open /proc/driver/nvidia-fs/devcount  error: No such file or directory
 23-04-2024 05:55:52:184 [pid=274694 tid=274694] NOTICE  cufio-drv:720 running in compatible mode
 23-04-2024 05:55:52:334 [pid=274694 tid=274694] ERROR  0:140 unable to load,  libnuma.so.1.0.0 

 23-04-2024 05:55:52:334 [pid=274694 tid=274694] ERROR  0:91 dlopen error libnuma.so.1.0.0: cannot open shared object file: No such file or directory
 23-04-2024 05:55:52:337 [pid=274694 tid=274694] ERROR  cufio-fs:79 mount option not found in mount table data device: /dev/nvme0n1p1
 23-04-2024 05:59:32:954 [pid=275294 tid=275294] ERROR  0:140 unable to load,  liburcu-bp.so.6 

 23-04-2024 05:59:32:955 [pid=275294 tid=275294] ERROR  0:140 unable to load,  liburcu-bp.so.1 

 23-04-2024 05:59:32:955 [pid=275294 tid=275294] WARN   0:168 failed to open /proc/driver/nvidia-fs/devcount  error: No such file or directory
 23-04-2024 05:59:32:955 [pid=275294 tid=275294] NOTICE  cufio-drv:720 running in compatible mode
 23-04-2024 05:59:33:99 [pid=275294 tid=275294] ERROR  0:140 unable to load,  libnuma.so.1.0.0 

 23-04-2024 05:59:33:99 [pid=275294 tid=275294] ERROR  0:91 dlopen error libnuma.so.1.0.0: cannot open shared object file: No such file or directory
 23-04-2024 05:59:33:101 [pid=275294 tid=275294] ERROR  cufio-fs:79 mount option not found in mount table data device: /dev/nvme0n1p1
 23-04-2024 06:00:01:823 [pid=275408 tid=275408] ERROR  0:140 unable to load,  liburcu-bp.so.6 

 23-04-2024 06:00:01:824 [pid=275408 tid=275408] ERROR  0:140 unable to load,  liburcu-bp.so.1 

 23-04-2024 06:00:01:824 [pid=275408 tid=275408] WARN   0:168 failed to open /proc/driver/nvidia-fs/devcount  error: No such file or directory
 23-04-2024 06:00:01:824 [pid=275408 tid=275408] NOTICE  cufio-drv:720 running in compatible mode
 23-04-2024 06:00:01:973 [pid=275408 tid=275408] ERROR  0:140 unable to load,  libnuma.so.1.0.0 

 23-04-2024 06:00:01:973 [pid=275408 tid=275408] ERROR  0:91 dlopen error libnuma.so.1.0.0: cannot open shared object file: No such file or directory
 23-04-2024 06:00:01:977 [pid=275408 tid=275408] ERROR  cufio-fs:79 mount option not found in mount table data device: /dev/nvme0n1p1
 23-04-2024 06:00:53:842 [pid=275612 tid=275612] ERROR  0:140 unable to load,  liburcu-bp.so.6 

 23-04-2024 06:00:53:842 [pid=275612 tid=275612] ERROR  0:140 unable to load,  liburcu-bp.so.1 

 23-04-2024 06:00:53:842 [pid=275612 tid=275612] WARN   0:168 failed to open /proc/driver/nvidia-fs/devcount  error: No such file or directory
 23-04-2024 06:00:53:842 [pid=275612 tid=275612] NOTICE  cufio-drv:720 running in compatible mode
 23-04-2024 06:00:53:988 [pid=275612 tid=275612] ERROR  0:140 unable to load,  libnuma.so.1.0.0 

 23-04-2024 06:00:53:988 [pid=275612 tid=275612] ERROR  0:91 dlopen error libnuma.so.1.0.0: cannot open shared object file: No such file or directory
 23-04-2024 06:00:53:990 [pid=275612 tid=275612] ERROR  cufio-fs:79 mount option not found in mount table data device: /dev/nvme0n1p1
 23-04-2024 06:01:21:398 [pid=275789 tid=275789] ERROR  0:140 unable to load,  liburcu-bp.so.6 

 23-04-2024 06:01:21:398 [pid=275789 tid=275789] ERROR  0:140 unable to load,  liburcu-bp.so.1 

 23-04-2024 06:01:21:398 [pid=275789 tid=275789] WARN   0:168 failed to open /proc/driver/nvidia-fs/devcount  error: No such file or directory
 23-04-2024 06:01:21:398 [pid=275789 tid=275789] NOTICE  cufio-drv:720 running in compatible mode
 23-04-2024 06:01:21:540 [pid=275789 tid=275789] ERROR  0:140 unable to load,  libnuma.so.1.0.0 

 23-04-2024 06:01:21:540 [pid=275789 tid=275789] ERROR  0:91 dlopen error libnuma.so.1.0.0: cannot open shared object file: No such file or directory
 23-04-2024 06:01:21:543 [pid=275789 tid=275789] ERROR  cufio-fs:79 mount option not found in mount table data device: /dev/nvme0n1p1
 23-04-2024 06:01:58:288 [pid=275896 tid=275896] ERROR  0:140 unable to load,  liburcu-bp.so.6 

 23-04-2024 06:01:58:288 [pid=275896 tid=275896] ERROR  0:140 unable to load,  liburcu-bp.so.1 

 23-04-2024 06:01:58:288 [pid=275896 tid=275896] WARN   0:168 failed to open /proc/driver/nvidia-fs/devcount  error: No such file or directory
 23-04-2024 06:01:58:288 [pid=275896 tid=275896] NOTICE  cufio-drv:720 running in compatible mode
 23-04-2024 06:01:58:435 [pid=275896 tid=275896] ERROR  0:140 unable to load,  libnuma.so.1.0.0 

 23-04-2024 06:01:58:435 [pid=275896 tid=275896] ERROR  0:91 dlopen error libnuma.so.1.0.0: cannot open shared object file: No such file or directory
 23-04-2024 06:01:58:437 [pid=275896 tid=275896] ERROR  cufio-fs:79 mount option not found in mount table data device: /dev/nvme0n1p1
 23-04-2024 06:02:48:534 [pid=276187 tid=276187] ERROR  0:140 unable to load,  liburcu-bp.so.6 

 23-04-2024 06:02:48:534 [pid=276187 tid=276187] ERROR  0:140 unable to load,  liburcu-bp.so.1 

 23-04-2024 06:02:48:534 [pid=276187 tid=276187] WARN   0:168 failed to open /proc/driver/nvidia-fs/devcount  error: No such file or directory
 23-04-2024 06:02:48:535 [pid=276187 tid=276187] NOTICE  cufio-drv:720 running in compatible mode
 23-04-2024 06:02:48:683 [pid=276187 tid=276187] ERROR  0:140 unable to load,  libnuma.so.1.0.0 

 23-04-2024 06:02:48:683 [pid=276187 tid=276187] ERROR  0:91 dlopen error libnuma.so.1.0.0: cannot open shared object file: No such file or directory
 23-04-2024 06:02:48:686 [pid=276187 tid=276187] ERROR  cufio-fs:79 mount option not found in mount table data device: /dev/nvme0n1p1
